[2018-02-18T20:46:22,830][INFO ][o.e.n.Node               ] [] initializing ...
[2018-02-18T20:46:23,036][INFO ][o.e.e.NodeEnvironment    ] [BMbttWa] using [1] data paths, mounts [[/ (/dev/sda1)]], net usable_space [1.4gb], net total_space [9.7gb], types [ext4]
[2018-02-18T20:46:23,038][INFO ][o.e.e.NodeEnvironment    ] [BMbttWa] heap size [1015.6mb], compressed ordinary object pointers [true]
[2018-02-18T20:46:23,040][INFO ][o.e.n.Node               ] node name [BMbttWa] derived from node ID [BMbttWaVQMeuQ6gtXKMWvQ]; set [node.name] to override
[2018-02-18T20:46:23,040][INFO ][o.e.n.Node               ] version[6.2.1], pid[6427], build[7299dc3/2018-02-07T19:34:26.990113Z], OS[Linux/4.13.0-32-generic/amd64], JVM[Oracle Corporation/OpenJDK 64-Bit Server VM/1.8.0_151/25.151-b12]
[2018-02-18T20:46:23,040][INFO ][o.e.n.Node               ] JVM arguments [-Xms1g, -Xmx1g, -XX:+UseConcMarkSweepGC, -XX:CMSInitiatingOccupancyFraction=75, -XX:+UseCMSInitiatingOccupancyOnly, -XX:+AlwaysPreTouch, -Xss1m, -Djava.awt.headless=true, -Dfile.encoding=UTF-8, -Djna.nosys=true, -XX:-OmitStackTraceInFastThrow, -Dio.netty.noUnsafe=true, -Dio.netty.noKeySetOptimization=true, -Dio.netty.recycler.maxCapacityPerThread=0, -Dlog4j.shutdownHookEnabled=false, -Dlog4j2.disable.jmx=true, -Djava.io.tmpdir=/tmp/elasticsearch.sUS0rNbU, -XX:+HeapDumpOnOutOfMemoryError, -XX:+PrintGCDetails, -XX:+PrintGCDateStamps, -XX:+PrintTenuringDistribution, -XX:+PrintGCApplicationStoppedTime, -Xloggc:logs/gc.log, -XX:+UseGCLogFileRotation, -XX:NumberOfGCLogFiles=32, -XX:GCLogFileSize=64m, -Des.path.home=/home/kenney/PycharmProjects/untitled/elasticsearch-6.2.1, -Des.path.conf=/home/kenney/PycharmProjects/untitled/elasticsearch-6.2.1/config]
[2018-02-18T20:46:24,176][INFO ][o.e.p.PluginsService     ] [BMbttWa] loaded module [aggs-matrix-stats]
[2018-02-18T20:46:24,176][INFO ][o.e.p.PluginsService     ] [BMbttWa] loaded module [analysis-common]
[2018-02-18T20:46:24,176][INFO ][o.e.p.PluginsService     ] [BMbttWa] loaded module [ingest-common]
[2018-02-18T20:46:24,177][INFO ][o.e.p.PluginsService     ] [BMbttWa] loaded module [lang-expression]
[2018-02-18T20:46:24,177][INFO ][o.e.p.PluginsService     ] [BMbttWa] loaded module [lang-mustache]
[2018-02-18T20:46:24,177][INFO ][o.e.p.PluginsService     ] [BMbttWa] loaded module [lang-painless]
[2018-02-18T20:46:24,177][INFO ][o.e.p.PluginsService     ] [BMbttWa] loaded module [mapper-extras]
[2018-02-18T20:46:24,178][INFO ][o.e.p.PluginsService     ] [BMbttWa] loaded module [parent-join]
[2018-02-18T20:46:24,178][INFO ][o.e.p.PluginsService     ] [BMbttWa] loaded module [percolator]
[2018-02-18T20:46:24,178][INFO ][o.e.p.PluginsService     ] [BMbttWa] loaded module [rank-eval]
[2018-02-18T20:46:24,178][INFO ][o.e.p.PluginsService     ] [BMbttWa] loaded module [reindex]
[2018-02-18T20:46:24,178][INFO ][o.e.p.PluginsService     ] [BMbttWa] loaded module [repository-url]
[2018-02-18T20:46:24,178][INFO ][o.e.p.PluginsService     ] [BMbttWa] loaded module [transport-netty4]
[2018-02-18T20:46:24,178][INFO ][o.e.p.PluginsService     ] [BMbttWa] loaded module [tribe]
[2018-02-18T20:46:24,179][INFO ][o.e.p.PluginsService     ] [BMbttWa] no plugins loaded
[2018-02-18T20:46:28,157][INFO ][o.e.d.DiscoveryModule    ] [BMbttWa] using discovery type [zen]
[2018-02-18T20:46:29,087][INFO ][o.e.n.Node               ] initialized
[2018-02-18T20:46:29,091][INFO ][o.e.n.Node               ] [BMbttWa] starting ...
[2018-02-18T20:46:29,471][INFO ][o.e.t.TransportService   ] [BMbttWa] publish_address {127.0.0.1:9300}, bound_addresses {[::1]:9300}, {127.0.0.1:9300}
[2018-02-18T20:46:29,527][WARN ][o.e.b.BootstrapChecks    ] [BMbttWa] max virtual memory areas vm.max_map_count [65530] is too low, increase to at least [262144]
[2018-02-18T20:46:32,712][INFO ][o.e.c.s.MasterService    ] [BMbttWa] zen-disco-elected-as-master ([0] nodes joined), reason: new_master {BMbttWa}{BMbttWaVQMeuQ6gtXKMWvQ}{KZZQFsOjSOGfiXFqyMHC7Q}{127.0.0.1}{127.0.0.1:9300}
[2018-02-18T20:46:32,722][INFO ][o.e.c.s.ClusterApplierService] [BMbttWa] new_master {BMbttWa}{BMbttWaVQMeuQ6gtXKMWvQ}{KZZQFsOjSOGfiXFqyMHC7Q}{127.0.0.1}{127.0.0.1:9300}, reason: apply cluster state (from master [master {BMbttWa}{BMbttWaVQMeuQ6gtXKMWvQ}{KZZQFsOjSOGfiXFqyMHC7Q}{127.0.0.1}{127.0.0.1:9300} committed version [1] source [zen-disco-elected-as-master ([0] nodes joined)]])
[2018-02-18T20:46:32,809][INFO ][o.e.g.GatewayService     ] [BMbttWa] recovered [0] indices into cluster_state
[2018-02-18T20:46:32,822][INFO ][o.e.h.n.Netty4HttpServerTransport] [BMbttWa] publish_address {127.0.0.1:9200}, bound_addresses {[::1]:9200}, {127.0.0.1:9200}
[2018-02-18T20:46:32,825][INFO ][o.e.n.Node               ] [BMbttWa] started
[2018-02-18T20:50:02,830][INFO ][o.e.c.r.a.DiskThresholdMonitor] [BMbttWa] low disk watermark [85%] exceeded on [BMbttWaVQMeuQ6gtXKMWvQ][BMbttWa][/home/kenney/PycharmProjects/untitled/elasticsearch-6.2.1/data/nodes/0] free: 1.4gb[14.8%], replicas will not be assigned to this node
[2018-02-18T20:50:32,849][INFO ][o.e.c.r.a.DiskThresholdMonitor] [BMbttWa] low disk watermark [85%] exceeded on [BMbttWaVQMeuQ6gtXKMWvQ][BMbttWa][/home/kenney/PycharmProjects/untitled/elasticsearch-6.2.1/data/nodes/0] free: 1.4gb[14.8%], replicas will not be assigned to this node
[2018-02-18T20:51:02,855][INFO ][o.e.c.r.a.DiskThresholdMonitor] [BMbttWa] low disk watermark [85%] exceeded on [BMbttWaVQMeuQ6gtXKMWvQ][BMbttWa][/home/kenney/PycharmProjects/untitled/elasticsearch-6.2.1/data/nodes/0] free: 1.4gb[14.8%], replicas will not be assigned to this node
[2018-02-18T20:51:32,859][INFO ][o.e.c.r.a.DiskThresholdMonitor] [BMbttWa] low disk watermark [85%] exceeded on [BMbttWaVQMeuQ6gtXKMWvQ][BMbttWa][/home/kenney/PycharmProjects/untitled/elasticsearch-6.2.1/data/nodes/0] free: 1.4gb[14.8%], replicas will not be assigned to this node
[2018-02-18T20:52:02,865][INFO ][o.e.c.r.a.DiskThresholdMonitor] [BMbttWa] low disk watermark [85%] exceeded on [BMbttWaVQMeuQ6gtXKMWvQ][BMbttWa][/home/kenney/PycharmProjects/untitled/elasticsearch-6.2.1/data/nodes/0] free: 1.4gb[14.8%], replicas will not be assigned to this node
[2018-02-18T20:52:32,870][INFO ][o.e.c.r.a.DiskThresholdMonitor] [BMbttWa] low disk watermark [85%] exceeded on [BMbttWaVQMeuQ6gtXKMWvQ][BMbttWa][/home/kenney/PycharmProjects/untitled/elasticsearch-6.2.1/data/nodes/0] free: 1.4gb[14.8%], replicas will not be assigned to this node
[2018-02-18T20:53:02,879][INFO ][o.e.c.r.a.DiskThresholdMonitor] [BMbttWa] low disk watermark [85%] exceeded on [BMbttWaVQMeuQ6gtXKMWvQ][BMbttWa][/home/kenney/PycharmProjects/untitled/elasticsearch-6.2.1/data/nodes/0] free: 1.4gb[14.8%], replicas will not be assigned to this node
[2018-02-18T20:53:32,891][INFO ][o.e.c.r.a.DiskThresholdMonitor] [BMbttWa] low disk watermark [85%] exceeded on [BMbttWaVQMeuQ6gtXKMWvQ][BMbttWa][/home/kenney/PycharmProjects/untitled/elasticsearch-6.2.1/data/nodes/0] free: 1.4gb[14.8%], replicas will not be assigned to this node
[2018-02-18T20:54:02,900][INFO ][o.e.c.r.a.DiskThresholdMonitor] [BMbttWa] low disk watermark [85%] exceeded on [BMbttWaVQMeuQ6gtXKMWvQ][BMbttWa][/home/kenney/PycharmProjects/untitled/elasticsearch-6.2.1/data/nodes/0] free: 1.4gb[14.8%], replicas will not be assigned to this node
[2018-02-18T20:54:32,911][INFO ][o.e.c.r.a.DiskThresholdMonitor] [BMbttWa] low disk watermark [85%] exceeded on [BMbttWaVQMeuQ6gtXKMWvQ][BMbttWa][/home/kenney/PycharmProjects/untitled/elasticsearch-6.2.1/data/nodes/0] free: 1.4gb[14.8%], replicas will not be assigned to this node
[2018-02-18T20:55:02,915][INFO ][o.e.c.r.a.DiskThresholdMonitor] [BMbttWa] low disk watermark [85%] exceeded on [BMbttWaVQMeuQ6gtXKMWvQ][BMbttWa][/home/kenney/PycharmProjects/untitled/elasticsearch-6.2.1/data/nodes/0] free: 1.4gb[14.8%], replicas will not be assigned to this node
[2018-02-18T20:55:32,931][INFO ][o.e.c.r.a.DiskThresholdMonitor] [BMbttWa] low disk watermark [85%] exceeded on [BMbttWaVQMeuQ6gtXKMWvQ][BMbttWa][/home/kenney/PycharmProjects/untitled/elasticsearch-6.2.1/data/nodes/0] free: 1.4gb[14.7%], replicas will not be assigned to this node
[2018-02-18T20:56:02,941][INFO ][o.e.c.r.a.DiskThresholdMonitor] [BMbttWa] low disk watermark [85%] exceeded on [BMbttWaVQMeuQ6gtXKMWvQ][BMbttWa][/home/kenney/PycharmProjects/untitled/elasticsearch-6.2.1/data/nodes/0] free: 1.4gb[14.7%], replicas will not be assigned to this node
[2018-02-18T20:56:32,945][INFO ][o.e.c.r.a.DiskThresholdMonitor] [BMbttWa] low disk watermark [85%] exceeded on [BMbttWaVQMeuQ6gtXKMWvQ][BMbttWa][/home/kenney/PycharmProjects/untitled/elasticsearch-6.2.1/data/nodes/0] free: 1.4gb[14.7%], replicas will not be assigned to this node
[2018-02-18T20:57:02,953][INFO ][o.e.c.r.a.DiskThresholdMonitor] [BMbttWa] low disk watermark [85%] exceeded on [BMbttWaVQMeuQ6gtXKMWvQ][BMbttWa][/home/kenney/PycharmProjects/untitled/elasticsearch-6.2.1/data/nodes/0] free: 1.4gb[14.7%], replicas will not be assigned to this node
[2018-02-18T20:57:32,961][INFO ][o.e.c.r.a.DiskThresholdMonitor] [BMbttWa] low disk watermark [85%] exceeded on [BMbttWaVQMeuQ6gtXKMWvQ][BMbttWa][/home/kenney/PycharmProjects/untitled/elasticsearch-6.2.1/data/nodes/0] free: 1.4gb[14.7%], replicas will not be assigned to this node
[2018-02-18T20:58:02,967][INFO ][o.e.c.r.a.DiskThresholdMonitor] [BMbttWa] low disk watermark [85%] exceeded on [BMbttWaVQMeuQ6gtXKMWvQ][BMbttWa][/home/kenney/PycharmProjects/untitled/elasticsearch-6.2.1/data/nodes/0] free: 1.4gb[14.7%], replicas will not be assigned to this node
[2018-02-18T20:58:32,970][INFO ][o.e.c.r.a.DiskThresholdMonitor] [BMbttWa] low disk watermark [85%] exceeded on [BMbttWaVQMeuQ6gtXKMWvQ][BMbttWa][/home/kenney/PycharmProjects/untitled/elasticsearch-6.2.1/data/nodes/0] free: 1.4gb[14.7%], replicas will not be assigned to this node
[2018-02-18T20:59:02,978][INFO ][o.e.c.r.a.DiskThresholdMonitor] [BMbttWa] low disk watermark [85%] exceeded on [BMbttWaVQMeuQ6gtXKMWvQ][BMbttWa][/home/kenney/PycharmProjects/untitled/elasticsearch-6.2.1/data/nodes/0] free: 1.4gb[14.7%], replicas will not be assigned to this node
[2018-02-18T20:59:32,983][INFO ][o.e.c.r.a.DiskThresholdMonitor] [BMbttWa] low disk watermark [85%] exceeded on [BMbttWaVQMeuQ6gtXKMWvQ][BMbttWa][/home/kenney/PycharmProjects/untitled/elasticsearch-6.2.1/data/nodes/0] free: 1.4gb[14.7%], replicas will not be assigned to this node
[2018-02-18T21:00:02,989][INFO ][o.e.c.r.a.DiskThresholdMonitor] [BMbttWa] low disk watermark [85%] exceeded on [BMbttWaVQMeuQ6gtXKMWvQ][BMbttWa][/home/kenney/PycharmProjects/untitled/elasticsearch-6.2.1/data/nodes/0] free: 1.4gb[14.7%], replicas will not be assigned to this node
[2018-02-18T21:00:32,993][INFO ][o.e.c.r.a.DiskThresholdMonitor] [BMbttWa] low disk watermark [85%] exceeded on [BMbttWaVQMeuQ6gtXKMWvQ][BMbttWa][/home/kenney/PycharmProjects/untitled/elasticsearch-6.2.1/data/nodes/0] free: 1.4gb[14.7%], replicas will not be assigned to this node
[2018-02-18T21:01:02,996][INFO ][o.e.c.r.a.DiskThresholdMonitor] [BMbttWa] low disk watermark [85%] exceeded on [BMbttWaVQMeuQ6gtXKMWvQ][BMbttWa][/home/kenney/PycharmProjects/untitled/elasticsearch-6.2.1/data/nodes/0] free: 1.4gb[14.7%], replicas will not be assigned to this node
[2018-02-18T21:01:33,007][INFO ][o.e.c.r.a.DiskThresholdMonitor] [BMbttWa] low disk watermark [85%] exceeded on [BMbttWaVQMeuQ6gtXKMWvQ][BMbttWa][/home/kenney/PycharmProjects/untitled/elasticsearch-6.2.1/data/nodes/0] free: 1.4gb[14.7%], replicas will not be assigned to this node
